mode: set
github.com/dvl-numeez/cloud-file-storage/mocks/minio_mock.go:24.41,29.2 1 1
github.com/dvl-numeez/cloud-file-storage/mocks/minio_mock.go:31.85,33.21 1 1
github.com/dvl-numeez/cloud-file-storage/mocks/minio_mock.go:33.21,35.3 1 1
github.com/dvl-numeez/cloud-file-storage/mocks/minio_mock.go:36.2,37.7 2 1
github.com/dvl-numeez/cloud-file-storage/mocks/minio_mock.go:37.7,39.3 1 1
github.com/dvl-numeez/cloud-file-storage/mocks/minio_mock.go:40.2,41.12 2 1
github.com/dvl-numeez/cloud-file-storage/mocks/minio_mock.go:44.115,46.68 1 1
github.com/dvl-numeez/cloud-file-storage/mocks/minio_mock.go:46.68,48.3 1 1
github.com/dvl-numeez/cloud-file-storage/mocks/minio_mock.go:49.2,55.12 3 1
github.com/dvl-numeez/cloud-file-storage/mocks/minio_mock.go:57.105,58.52 1 1
github.com/dvl-numeez/cloud-file-storage/mocks/minio_mock.go:58.52,60.3 1 1
github.com/dvl-numeez/cloud-file-storage/mocks/minio_mock.go:62.2,63.8 2 1
github.com/dvl-numeez/cloud-file-storage/mocks/minio_mock.go:63.8,65.3 1 0
github.com/dvl-numeez/cloud-file-storage/mocks/minio_mock.go:66.2,66.25 1 1
github.com/dvl-numeez/cloud-file-storage/mocks/minio_mock.go:66.25,67.29 1 1
github.com/dvl-numeez/cloud-file-storage/mocks/minio_mock.go:67.29,70.4 2 1
github.com/dvl-numeez/cloud-file-storage/mocks/minio_mock.go:74.2,74.70 1 1
github.com/dvl-numeez/cloud-file-storage/mocks/minio_mock.go:76.90,77.35 1 1
github.com/dvl-numeez/cloud-file-storage/mocks/minio_mock.go:77.35,79.3 1 1
github.com/dvl-numeez/cloud-file-storage/mocks/minio_mock.go:81.2,81.22 1 1
github.com/dvl-numeez/cloud-file-storage/mocks/minio_mock.go:81.22,82.19 1 1
github.com/dvl-numeez/cloud-file-storage/mocks/minio_mock.go:82.19,84.24 2 1
github.com/dvl-numeez/cloud-file-storage/mocks/minio_mock.go:84.24,85.27 1 1
github.com/dvl-numeez/cloud-file-storage/mocks/minio_mock.go:85.27,87.16 2 1
github.com/dvl-numeez/cloud-file-storage/mocks/minio_mock.go:87.16,89.6 1 0
github.com/dvl-numeez/cloud-file-storage/mocks/minio_mock.go:90.5,91.15 2 1
github.com/dvl-numeez/cloud-file-storage/mocks/minio_mock.go:94.3,94.69 1 1
github.com/dvl-numeez/cloud-file-storage/mocks/minio_mock.go:97.2,97.45 1 1
github.com/dvl-numeez/cloud-file-storage/mocks/minio_mock.go:100.55,101.23 1 1
github.com/dvl-numeez/cloud-file-storage/mocks/minio_mock.go:101.23,102.27 1 1
github.com/dvl-numeez/cloud-file-storage/mocks/minio_mock.go:102.27,104.5 1 1
github.com/dvl-numeez/cloud-file-storage/mocks/minio_mock.go:106.3,106.43 1 0
github.com/dvl-numeez/cloud-file-storage/mocks/minio_mock.go:109.53,111.3 1 1
